C51 COMPILER V9.54   MIAN                                                                  03/18/2023 21:01:20 PAGE 1   


C51 COMPILER V9.54, COMPILATION OF MODULE MIAN
OBJECT MODULE PLACED IN .\Objects\mian.obj
COMPILER INVOKED BY: F:\YuWen\HardwareTools\Keil_v5\C51\BIN\C51.EXE mian.c OPTIMIZE(8,SPEED) BROWSE DEBUG OBJECTEXTEND P
                    -RINT(.\Listings\mian.lst) TABS(2) OBJECT(.\Objects\mian.obj)

line level    source

   1          #include "REG51.h"
   2          #include <intrins.h>
   3          
   4          #define on 0
   5          #define off 1
   6          sbit fm = P1^0;
   7          
   8          void delay(unsigned int xms){
   9   1        unsigned char i,j;
  10   1        for(i = xms;i > 0 ;i--){
  11   2          for(j = 1;j > 0;j--);
  12   2        }
  13   1      }
  14          
  15          void main(void){
  16   1        P2 = 0xFE;
  17   1        
  18   1        while(1){
  19   2          delay(300);
  20   2          P2 = _crol_(P2,1);
  21   2          fm = on;
  22   2          delay(300);
  23   2          fm = off;
  24   2        } 
  25   1      }


MODULE INFORMATION:   STATIC OVERLAYABLE
   CODE SIZE        =     50    ----
   CONSTANT SIZE    =   ----    ----
   XDATA SIZE       =   ----    ----
   PDATA SIZE       =   ----    ----
   DATA SIZE        =   ----    ----
   IDATA SIZE       =   ----    ----
   BIT SIZE         =   ----    ----
END OF MODULE INFORMATION.


C51 COMPILATION COMPLETE.  0 WARNING(S),  0 ERROR(S)
